<?xml version="1.0" encoding="UTF-8"?>
<!-- Generated by org.testng.reporters.JUnitReportReporter -->
<testsuite hostname="Dell-Storage" failures="0" tests="1" name="Exception_Handling.ExceptionHandling" time="18.967" errors="0" timestamp="2022-08-30T17:16:20 MDT" skipped="0">
  <testcase classname="Exception_Handling.ExceptionHandling" name="firstN" time="18.967"/>
  <system-out/>
</testsuite> <!-- Exception_Handling.ExceptionHandling -->
