<?xml version="1.0" encoding="UTF-8"?>
<!-- Generated by org.testng.reporters.JUnitReportReporter -->
<testsuite hostname="Dell-Storage" failures="0" tests="1" name="Interaction.DragandDrop" time="4.431" errors="0" timestamp="2022-08-29T02:40:48 MDT" skipped="0">
  <testcase classname="Interaction.DragandDrop" name="DropDwn" time="4.431"/>
  <system-out/>
</testsuite> <!-- Interaction.DragandDrop -->
