<?xml version="1.0" encoding="UTF-8"?>
<!-- Generated by org.testng.reporters.JUnitReportReporter -->
<testsuite hostname="Dell-Storage" failures="0" tests="1" name="Interaction.RadioBtn02" time="5.622" errors="0" timestamp="2022-08-29T01:41:52 MDT" skipped="0">
  <testcase classname="Interaction.RadioBtn02" name="RadioBtn" time="5.622"/>
  <system-out/>
</testsuite> <!-- Interaction.RadioBtn02 -->
