<?xml version="1.0" encoding="UTF-8"?>
<!-- Generated by org.testng.reporters.JUnitReportReporter -->
<testsuite hostname="Dell-Storage" failures="0" tests="1" name="Interaction.RadioButton" time="2.793" errors="0" timestamp="2022-08-29T01:33:07 MDT" skipped="0">
  <testcase classname="Interaction.RadioButton" name="RadioBtn" time="2.793"/>
  <system-out/>
</testsuite> <!-- Interaction.RadioButton -->
