<?xml version="1.0" encoding="UTF-8"?>
<!-- Generated by org.testng.reporters.JUnitReportReporter -->
<testsuite hostname="Dell-Storage" failures="0" tests="1" name="Interaction.MultiSelect" time="11.353" errors="0" timestamp="2022-08-30T16:32:34 MDT" skipped="0">
  <testcase classname="Interaction.MultiSelect" name="MultiSelect" time="11.353"/>
  <system-out/>
</testsuite> <!-- Interaction.MultiSelect -->
