<?xml version="1.0" encoding="UTF-8"?>
<!-- Generated by org.testng.reporters.JUnitReportReporter -->
<testsuite hostname="Dell-Storage" failures="0" tests="1" name="Exception_Handling.ExceptionHandling" time="6.800" errors="0" timestamp="2022-08-29T13:54:06 MDT" skipped="0">
  <testcase classname="Exception_Handling.ExceptionHandling" name="firstN" time="6.800"/>
  <system-out/>
</testsuite> <!-- Exception_Handling.ExceptionHandling -->
