<?xml version="1.0" encoding="UTF-8"?>
<!-- Generated by org.testng.reporters.JUnitReportReporter -->
<testsuite hostname="Dell-Storage" failures="0" tests="1" name="POM.TcHomeDepot" time="12.358" errors="0" timestamp="2022-08-30T17:10:54 MDT" skipped="0">
  <testcase classname="POM.TcHomeDepot" name="t_case_01_Register" time="12.358"/>
  <system-out/>
</testsuite> <!-- POM.TcHomeDepot -->
