<?xml version="1.0" encoding="UTF-8"?>
<!-- Generated by org.testng.reporters.JUnitReportReporter -->
<testsuite hostname="Dell-Storage" failures="0" tests="1" name="firstPackage.LoginAutomation$selenium3" time="8.594" errors="0" timestamp="2022-08-28T02:08:39 MDT" skipped="0">
  <testcase classname="firstPackage.LoginAutomation$selenium3" name="login" time="8.594"/>
  <system-out/>
</testsuite> <!-- firstPackage.LoginAutomation$selenium3 -->
