<?xml version="1.0" encoding="UTF-8"?>
<!-- Generated by org.testng.reporters.JUnitReportReporter -->
<testsuite hostname="Dell-Storage" failures="0" tests="1" name="firstPackage.demo_auto" time="19.790" errors="0" timestamp="2022-08-30T16:13:57 MDT" skipped="0">
  <testcase classname="firstPackage.demo_auto" name="firstN" time="19.790"/>
  <system-out/>
</testsuite> <!-- firstPackage.demo_auto -->
