<?xml version="1.0" encoding="UTF-8"?>
<!-- Generated by org.testng.reporters.JUnitReportReporter -->
<testsuite hostname="Dell-Storage" failures="0" tests="1" name="firstPackage.demo_auto" time="16.531" errors="0" timestamp="2022-08-29T21:35:19 MDT" skipped="0">
  <testcase classname="firstPackage.demo_auto" name="firstN" time="16.531"/>
  <system-out/>
</testsuite> <!-- firstPackage.demo_auto -->
