<?xml version="1.0" encoding="UTF-8"?>
<!-- Generated by org.testng.reporters.JUnitReportReporter -->
<testsuite hostname="Dell-Storage" failures="0" tests="1" name="Interaction.DropDown" time="13.140" errors="0" timestamp="2022-08-30T16:24:02 MDT" skipped="0">
  <testcase classname="Interaction.DropDown" name="DropDwn" time="13.140"/>
  <system-out/>
</testsuite> <!-- Interaction.DropDown -->
