<?xml version="1.0" encoding="UTF-8"?>
<!-- Generated by org.testng.reporters.JUnitReportReporter -->
<testsuite hostname="Dell-Storage" failures="0" tests="1" name="Interaction.MultiSelect" time="9.631" errors="0" timestamp="2022-08-29T03:16:24 MDT" skipped="0">
  <testcase classname="Interaction.MultiSelect" name="RadioBtn" time="9.631"/>
  <system-out/>
</testsuite> <!-- Interaction.MultiSelect -->
