<?xml version="1.0" encoding="UTF-8"?>
<!-- Generated by org.testng.reporters.JUnitReportReporter -->
<testsuite hostname="Dell-Storage" failures="0" tests="1" name="Interaction.DragandDrop" time="6.322" errors="0" timestamp="2022-08-30T16:28:44 MDT" skipped="0">
  <testcase classname="Interaction.DragandDrop" name="DragDrop" time="6.322"/>
  <system-out/>
</testsuite> <!-- Interaction.DragandDrop -->
