<?xml version="1.0" encoding="UTF-8"?>
<!-- Generated by org.testng.reporters.JUnitReportReporter -->
<testsuite hostname="Dell-Storage" failures="0" tests="1" name="Interaction.TextBoxInteraction" time="22.588" errors="0" timestamp="2022-08-29T02:28:47 MDT" skipped="0">
  <testcase classname="Interaction.TextBoxInteraction" name="firstN" time="22.588"/>
  <system-out/>
</testsuite> <!-- Interaction.TextBoxInteraction -->
