<?xml version="1.0" encoding="UTF-8"?>
<!-- Generated by org.testng.reporters.JUnitReportReporter -->
<testsuite hostname="Dell-Storage" failures="0" tests="1" name="Interaction.CheckBox" time="6.521" errors="0" timestamp="2022-08-29T03:17:52 MDT" skipped="0">
  <testcase classname="Interaction.CheckBox" name="CheckBx" time="6.521"/>
  <system-out/>
</testsuite> <!-- Interaction.CheckBox -->
