<?xml version="1.0" encoding="UTF-8"?>
<!-- Generated by org.testng.reporters.JUnitReportReporter -->
<testsuite hostname="Dell-Storage" failures="0" tests="1" name="CalculatorInterest.PageTest" time="15.060" errors="0" timestamp="2022-08-30T00:47:29 MDT" skipped="0">
  <testcase classname="CalculatorInterest.PageTest" name="t_case_01_txtBoxSp" time="15.060"/>
  <system-out/>
</testsuite> <!-- CalculatorInterest.PageTest -->
