<?xml version="1.0" encoding="UTF-8"?>
<!-- Generated by org.testng.reporters.JUnitReportReporter -->
<testsuite hostname="Dell-Storage" failures="0" tests="3" name="MathCalculatorPageFactory.TestCases" time="35.282" errors="0" timestamp="2022-08-30T14:48:02 MDT" skipped="0">
  <testcase classname="MathCalculatorPageFactory.TestCases" name="t_case_02_setFunction" time="24.881"/>
  <system-out/>
  <testcase classname="MathCalculatorPageFactory.TestCases" name="t_case_01_LogoT" time="5.321"/>
  <system-out/>
  <testcase classname="MathCalculatorPageFactory.TestCases" name="t_case_02_titleT" time="5.080"/>
  <system-out/>
</testsuite> <!-- MathCalculatorPageFactory.TestCases -->
