<?xml version="1.0" encoding="UTF-8"?>
<!-- Generated by org.testng.reporters.JUnitReportReporter -->
<testsuite hostname="Dell-Storage" failures="0" tests="3" name="MathCalculatorPageFactory.TestCases" time="34.069" errors="0" timestamp="2022-08-30T00:24:09 MDT" skipped="0">
  <testcase classname="MathCalculatorPageFactory.TestCases" name="t_case_02_titleT" time="9.695"/>
  <system-out/>
  <testcase classname="MathCalculatorPageFactory.TestCases" name="t_case_01_LogoT" time="4.736"/>
  <system-out/>
  <testcase classname="MathCalculatorPageFactory.TestCases" name="t_case_02_setFunction" time="19.638"/>
  <system-out/>
</testsuite> <!-- MathCalculatorPageFactory.TestCases -->
