<?xml version="1.0" encoding="UTF-8"?>
<!-- Generated by org.testng.reporters.JUnitReportReporter -->
<testsuite hostname="Dell-Storage" failures="0" tests="1" name="SoftAssertion.LoginAutomation$selenium3" time="11.713" errors="0" timestamp="2022-08-30T01:52:49 MDT" skipped="0">
  <testcase classname="SoftAssertion.LoginAutomation$selenium3" name="login" time="11.713"/>
  <system-out/>
</testsuite> <!-- SoftAssertion.LoginAutomation$selenium3 -->
